<?xml version="1.0" encoding="UTF-8"?>
<!-- Generated by org.testng.reporters.JUnitXMLReporter -->
<testsuite ignored="0" hostname="DESKTOP-7V2BFCF" failures="0" tests="3" name="Default test" time="212.351" errors="0" timestamp="2026-09-07T11:24:24 IST">
  <testcase classname="webDriverCommands.BrowserCommands" name="ChromeBrowserTest" time="55.233"/>
  <testcase classname="webDriverCommands.BrowserCommands" name="EdgeBrowserTest" time="21.399"/>
  <testcase classname="webDriverCommands.BrowserCommands" name="FirefoxBrowserTest" time="135.327"/>
</testsuite> <!-- Default test -->
