# JRE version: Java(TM) SE Runtime Environment (26.0.2.1+1) (build 26.0.2.1+1-7)
# Java VM: Java HotSpot(TM) 64-Bit Server VM (26.0.2.1+1-7, mixed mode, sharing, tiered, compressed oops, compressed class ptrs, g1 gc, windows-amd64)
GC Precious Log:
 CardTable entry size: 512
 Card Set container configuration: InlinePtr #cards 5 size 8 Array Of Cards #cards 10 size 36 Howl #buckets 4 coarsen threshold 1843 Howl Bitmap #cards 512 size 80 coarsen threshold 460 Card regions per heap region 1 cards per card region 2048
 CPUs: 4 total, 4 available
 Memory: 3863M
 Large Page Support: Disabled
 NUMA Support: Disabled
 Compressed Oops: Enabled (32-bit)
 Heap Region Size: 1M
 Heap Min Capacity: 8M
 Heap Initial Capacity: 8M
 Heap Max Capacity: 966M
 Pre-touch: Disabled
 Parallel Workers: 4
 Concurrent Workers: 1
 Concurrent Refinement Workers: 4
 Periodic GC: Disabled
Heap:
 garbage-first heap   total reserved 989184K, committed 30720K, used 10154K [0x00000000c3a00000, 0x0000000100000000)
  region size 1M, 1 eden (1M), 2 survivor (2M), 9 old (9M), 0 humongous (0M), 18 free (18M)
GC Heap Usage History (20 events):
Event: 2.453 {heap Before GC invocations=5 (full 0):
 garbage-first heap   total reserved 989184K, committed 10240K, used 5444K [0x00000000c3a00000, 0x0000000100000000)
  region size 1M, 2 eden (2M), 1 survivor (1M), 5 old (5M), 0 humongous (0M), 2 free (2M)
}
Event: 2.455 {heap After GC invocations=6 (full 0):
 garbage-first heap   total reserved 989184K, committed 10240K, used 4477K [0x00000000c3a00000, 0x0000000100000000)
  region size 1M, 0 eden (0M), 1 survivor (1M), 5 old (5M), 0 humongous (0M), 4 free (4M)
}
Event: 3.271 {heap Before GC invocations=6 (full 0):
 garbage-first heap   total reserved 989184K, committed 10240K, used 5501K [0x00000000c3a00000, 0x0000000100000000)
  region size 1M, 2 eden (2M), 1 survivor (1M), 5 old (5M), 0 humongous (0M), 2 free (2M)
}
Event: 3.274 {heap After GC invocations=7 (full 0):
 garbage-first heap   total reserved 989184K, committed 10240K, used 4497K [0x00000000c3a00000, 0x0000000100000000)
  region size 1M, 0 eden (0M), 1 survivor (1M), 5 old (5M), 0 humongous (0M), 4 free (4M)
}
Event: 3.748 {heap Before GC invocations=8 (full 0):
 garbage-first heap   total reserved 989184K, committed 10240K, used 6545K [0x00000000c3a00000, 0x0000000100000000)
  region size 1M, 2 eden (2M), 1 survivor (1M), 5 old (5M), 0 humongous (0M), 2 free (2M)
}
Event: 3.749 {heap After GC invocations=9 (full 0):
 garbage-first heap   total reserved 989184K, committed 10240K, used 5161K [0x00000000c3a00000, 0x0000000100000000)
  region size 1M, 0 eden (0M), 1 survivor (1M), 5 old (5M), 0 humongous (0M), 4 free (4M)
}
Event: 3.859 {heap Before GC invocations=9 (full 0):
 garbage-first heap   total reserved 989184K, committed 10240K, used 7209K [0x00000000c3a00000, 0x0000000100000000)
  region size 1M, 2 eden (2M), 1 survivor (1M), 5 old (5M), 0 humongous (0M), 2 free (2M)
}
Event: 3.861 {heap After GC invocations=10 (full 0):
 garbage-first heap   total reserved 989184K, committed 10240K, used 5428K [0x00000000c3a00000, 0x0000000100000000)
  region size 1M, 0 eden (0M), 1 survivor (1M), 5 old (5M), 0 humongous (0M), 4 free (4M)
}
Event: 3.946 {heap Before GC invocations=11 (full 0):
 garbage-first heap   total reserved 989184K, committed 10240K, used 7476K [0x00000000c3a00000, 0x0000000100000000)
  region size 1M, 2 eden (2M), 1 survivor (1M), 5 old (5M), 0 humongous (0M), 2 free (2M)
}
Event: 3.947 {heap After GC invocations=12 (full 0):
 garbage-first heap   total reserved 989184K, committed 10240K, used 5473K [0x00000000c3a00000, 0x0000000100000000)
  region size 1M, 0 eden (0M), 1 survivor (1M), 5 old (5M), 0 humongous (0M), 4 free (4M)
}
Event: 4.002 {heap Before GC invocations=12 (full 0):
 garbage-first heap   total reserved 989184K, committed 10240K, used 6497K [0x00000000c3a00000, 0x0000000100000000)
  region size 1M, 2 eden (2M), 1 survivor (1M), 5 old (5M), 0 humongous (0M), 2 free (2M)
}
Event: 4.004 {heap After GC invocations=13 (full 0):
 garbage-first heap   total reserved 989184K, committed 30720K, used 5514K [0x00000000c3a00000, 0x0000000100000000)
  region size 1M, 0 eden (0M), 1 survivor (1M), 5 old (5M), 0 humongous (0M), 24 free (24M)
}
Event: 5.135 {heap Before GC invocations=14 (full 0):
 garbage-first heap   total reserved 989184K, committed 30720K, used 20874K [0x00000000c3a00000, 0x0000000100000000)
  region size 1M, 16 eden (16M), 1 survivor (1M), 5 old (5M), 0 humongous (0M), 8 free (8M)
}
Event: 5.140 {heap After GC invocations=15 (full 0):
 garbage-first heap   total reserved 989184K, committed 30720K, used 6284K [0x00000000c3a00000, 0x0000000100000000)
  region size 1M, 0 eden (0M), 2 survivor (2M), 5 old (5M), 0 humongous (0M), 23 free (23M)
}
Event: 17.234 {heap Before GC invocations=15 (full 0):
 garbage-first heap   total reserved 989184K, committed 30720K, used 21644K [0x00000000c3a00000, 0x0000000100000000)
  region size 1M, 16 eden (16M), 2 survivor (2M), 5 old (5M), 0 humongous (0M), 7 free (7M)
}
Event: 17.241 {heap After GC invocations=16 (full 0):
 garbage-first heap   total reserved 989184K, committed 30720K, used 8357K [0x00000000c3a00000, 0x0000000100000000)
  region size 1M, 0 eden (0M), 3 survivor (3M), 6 old (6M), 0 humongous (0M), 21 free (21M)
}
Event: 33.504 {heap Before GC invocations=16 (full 0):
 garbage-first heap   total reserved 989184K, committed 30720K, used 20645K [0x00000000c3a00000, 0x0000000100000000)
  region size 1M, 13 eden (13M), 3 survivor (3M), 6 old (6M), 0 humongous (0M), 8 free (8M)
}
Event: 33.685 {heap After GC invocations=17 (full 0):
 garbage-first heap   total reserved 989184K, committed 30720K, used 9867K [0x00000000c3a00000, 0x0000000100000000)
  region size 1M, 0 eden (0M), 2 survivor (2M), 9 old (9M), 0 humongous (0M), 19 free (19M)
}
Event: 177.068 {heap Before GC invocations=18 (full 0):
 garbage-first heap   total reserved 989184K, committed 30720K, used 17035K [0x00000000c3a00000, 0x0000000100000000)
  region size 1M, 7 eden (7M), 2 survivor (2M), 9 old (9M), 0 humongous (0M), 12 free (12M)
}
Event: 177.173 {heap After GC invocations=19 (full 0):
 garbage-first heap   total reserved 989184K, committed 30720K, used 10154K [0x00000000c3a00000, 0x0000000100000000)
  region size 1M, 0 eden (0M), 2 survivor (2M), 9 old (9M), 0 humongous (0M), 19 free (19M)
}

