<?xml version="1.0" encoding="UTF-8"?>
<testng-results ignored="0" total="1" passed="1" failed="0" skipped="0">
  <reporter-output>
  </reporter-output>
  <suite started-at="2026-09-12T15:44:23 IST" name="Default suite" finished-at="2026-09-12T15:44:58 IST" duration-ms="34802">
    <groups>
    </groups>
    <test started-at="2026-09-12T15:44:23 IST" name="Default test" finished-at="2026-09-12T15:44:58 IST" duration-ms="34802">
      <class name="pageObjectModel.ExecuteLoginPage">
        <test-method signature="CheckValidUser()[pri:0, instance:pageObjectModel.ExecuteLoginPage@aba625]" started-at="2026-09-12T15:44:25 IST" name="CheckValidUser" finished-at="2026-09-12T15:44:55 IST" duration-ms="30413" status="PASS">
          <reporter-output>
          </reporter-output>
        </test-method> <!-- CheckValidUser -->
      </class> <!-- pageObjectModel.ExecuteLoginPage -->
    </test> <!-- Default test -->
  </suite> <!-- Default suite -->
</testng-results>
