<?xml version="1.0" encoding="UTF-8"?>
<testng-results ignored="0" total="1" passed="1" failed="0" skipped="0">
  <reporter-output>
  </reporter-output>
  <suite started-at="2026-09-12T20:00:17 IST" name="Default suite" finished-at="2026-09-12T20:00:39 IST" duration-ms="22168">
    <groups>
    </groups>
    <test started-at="2026-09-12T20:00:17 IST" name="Default test" finished-at="2026-09-12T20:00:39 IST" duration-ms="22168">
      <class name="pageObjectModel.ExecuteNopCommerce">
        <test-method signature="TestValidLogin()[pri:0, instance:pageObjectModel.ExecuteNopCommerce@7a6d7e92]" started-at="2026-09-12T20:00:17 IST" name="TestValidLogin" finished-at="2026-09-12T20:00:38 IST" duration-ms="21403" status="PASS">
          <reporter-output>
          </reporter-output>
        </test-method> <!-- TestValidLogin -->
      </class> <!-- pageObjectModel.ExecuteNopCommerce -->
    </test> <!-- Default test -->
  </suite> <!-- Default suite -->
</testng-results>
