<?xml version="1.0" encoding="UTF-8"?>
<testng-results ignored="0" total="1" passed="1" failed="0" skipped="0">
  <reporter-output>
  </reporter-output>
  <suite started-at="2026-09-12T21:57:11 IST" name="Default suite" finished-at="2026-09-12T21:57:27 IST" duration-ms="15874">
    <groups>
    </groups>
    <test started-at="2026-09-12T21:57:11 IST" name="Default test" finished-at="2026-09-12T21:57:27 IST" duration-ms="15874">
      <class name="com.SwagLabs.TestCases.LoginSwagLabsDemo">
        <test-method is-config="true" signature="SetUp()[pri:0, instance:com.SwagLabs.TestCases.LoginSwagLabsDemo@21be3395]" started-at="2026-09-12T21:57:11 IST" name="SetUp" finished-at="2026-09-12T21:57:11 IST" duration-ms="793" status="PASS">
          <reporter-output>
          </reporter-output>
        </test-method> <!-- SetUp -->
        <test-method is-config="true" signature="BrowserTest()[pri:0, instance:com.SwagLabs.TestCases.LoginSwagLabsDemo@21be3395]" started-at="2026-09-12T21:57:12 IST" name="BrowserTest" finished-at="2026-09-12T21:57:19 IST" duration-ms="7762" status="PASS">
          <reporter-output>
          </reporter-output>
        </test-method> <!-- BrowserTest -->
        <test-method signature="loginApp()[pri:0, instance:com.SwagLabs.TestCases.LoginSwagLabsDemo@21be3395]" started-at="2026-09-12T21:57:20 IST" name="loginApp" finished-at="2026-09-12T21:57:26 IST" duration-ms="6522" status="PASS">
          <reporter-output>
          </reporter-output>
        </test-method> <!-- loginApp -->
        <test-method is-config="true" signature="tearDownMethod(org.testng.ITestResult)[pri:0, instance:com.SwagLabs.TestCases.LoginSwagLabsDemo@21be3395]" started-at="2026-09-12T21:57:26 IST" name="tearDownMethod" finished-at="2026-09-12T21:57:26 IST" duration-ms="0" status="PASS">
          <params>
            <param index="0">
              <value>
                <![CDATA[[TestResult name=loginApp status=SUCCESS method=LoginSwagLabsDemo.loginApp()[pri:0, instance:com.SwagLabs.TestCases.LoginSwagLabsDemo@21be3395] output={null}]]]>
              </value>
            </param>
          </params>
          <reporter-output>
          </reporter-output>
        </test-method> <!-- tearDownMethod -->
        <test-method is-config="true" signature="teardown()[pri:0, instance:com.SwagLabs.TestCases.LoginSwagLabsDemo@21be3395]" started-at="2026-09-12T21:57:26 IST" name="teardown" finished-at="2026-09-12T21:57:27 IST" duration-ms="934" status="PASS">
          <reporter-output>
          </reporter-output>
        </test-method> <!-- teardown -->
      </class> <!-- com.SwagLabs.TestCases.LoginSwagLabsDemo -->
    </test> <!-- Default test -->
  </suite> <!-- Default suite -->
</testng-results>
