<?xml version="1.0" encoding="UTF-8"?>
<testng-results ignored="0" total="3" passed="3" failed="0" skipped="0">
  <reporter-output>
  </reporter-output>
  <suite started-at="2026-09-07T11:20:51 IST" name="Default suite" finished-at="2026-09-07T11:24:24 IST" duration-ms="212351">
    <groups>
    </groups>
    <test started-at="2026-09-07T11:20:51 IST" name="Default test" finished-at="2026-09-07T11:24:24 IST" duration-ms="212351">
      <class name="webDriverCommands.BrowserCommands">
        <test-method signature="ChromeBrowserTest()[pri:1, instance:webDriverCommands.BrowserCommands@7a69b07]" started-at="2026-09-07T11:20:51 IST" name="ChromeBrowserTest" finished-at="2026-09-07T11:21:47 IST" duration-ms="55233" status="PASS">
          <reporter-output>
          </reporter-output>
        </test-method> <!-- ChromeBrowserTest -->
        <test-method signature="EdgeBrowserTest()[pri:2, instance:webDriverCommands.BrowserCommands@7a69b07]" started-at="2026-09-07T11:21:47 IST" name="EdgeBrowserTest" finished-at="2026-09-07T11:22:08 IST" duration-ms="21399" status="PASS">
          <reporter-output>
          </reporter-output>
        </test-method> <!-- EdgeBrowserTest -->
        <test-method signature="FirefoxBrowserTest()[pri:3, instance:webDriverCommands.BrowserCommands@7a69b07]" started-at="2026-09-07T11:22:08 IST" name="FirefoxBrowserTest" finished-at="2026-09-07T11:24:23 IST" duration-ms="135327" status="PASS">
          <reporter-output>
          </reporter-output>
        </test-method> <!-- FirefoxBrowserTest -->
      </class> <!-- webDriverCommands.BrowserCommands -->
    </test> <!-- Default test -->
  </suite> <!-- Default suite -->
</testng-results>
