# JRE version: Java(TM) SE Runtime Environment (17.0.13+10) (build 17.0.13+10-LTS-268)
# Java VM: Java HotSpot(TM) 64-Bit Server VM (17.0.13+10-LTS-268, mixed mode, sharing, tiered, compressed oops, compressed class ptrs, g1 gc, windows-amd64)
GC Precious Log:
 CPUs: 4 total, 4 available
 Memory: 3863M
 Large Page Support: Disabled
 NUMA Support: Disabled
 Compressed Oops: Enabled (32-bit)
 Heap Region Size: 1M
 Heap Min Capacity: 8M
 Heap Initial Capacity: 62M
 Heap Max Capacity: 966M
 Pre-touch: Disabled
 Parallel Workers: 4
 Concurrent Workers: 1
 Concurrent Refinement Workers: 4
 Periodic GC: Disabled
Heap:
 garbage-first heap   total 63488K, used 23485K [0x00000000c3a00000, 0x0000000100000000)
  region size 1024K, 19 young (19456K), 3 survivors (3072K)
 Metaspace       used 19379K, committed 19712K, reserved 1114112K
  class space    used 2299K, committed 2432K, reserved 1048576K
GC Heap History (6 events):
Event: 3.995 GC heap before
{Heap before GC invocations=0 (full 0):
 garbage-first heap   total 63488K, used 13312K [0x00000000c3a00000, 0x0000000100000000)
  region size 1024K, 13 young (13312K), 0 survivors (0K)
 Metaspace       used 4982K, committed 5120K, reserved 1114112K
  class space    used 533K, committed 640K, reserved 1048576K
}
Event: 4.003 GC heap after
{Heap after GC invocations=1 (full 0):
 garbage-first heap   total 63488K, used 6067K [0x00000000c3a00000, 0x0000000100000000)
  region size 1024K, 2 young (2048K), 2 survivors (2048K)
 Metaspace       used 4982K, committed 5120K, reserved 1114112K
  class space    used 533K, committed 640K, reserved 1048576K
}
Event: 4.540 GC heap before
{Heap before GC invocations=1 (full 0):
 garbage-first heap   total 63488K, used 17331K [0x00000000c3a00000, 0x0000000100000000)
  region size 1024K, 13 young (13312K), 2 survivors (2048K)
 Metaspace       used 7638K, committed 7872K, reserved 1114112K
  class space    used 788K, committed 896K, reserved 1048576K
}
Event: 4.544 GC heap after
{Heap after GC invocations=2 (full 0):
 garbage-first heap   total 63488K, used 7067K [0x00000000c3a00000, 0x0000000100000000)
  region size 1024K, 2 young (2048K), 2 survivors (2048K)
 Metaspace       used 7638K, committed 7872K, reserved 1114112K
  class space    used 788K, committed 896K, reserved 1048576K
}
Event: 7.019 GC heap before
{Heap before GC invocations=2 (full 0):
 garbage-first heap   total 63488K, used 29595K [0x00000000c3a00000, 0x0000000100000000)
  region size 1024K, 24 young (24576K), 2 survivors (2048K)
 Metaspace       used 13532K, committed 13824K, reserved 1114112K
  class space    used 1637K, committed 1792K, reserved 1048576K
}
Event: 7.026 GC heap after
{Heap after GC invocations=3 (full 0):
 garbage-first heap   total 63488K, used 8125K [0x00000000c3a00000, 0x0000000100000000)
  region size 1024K, 3 young (3072K), 3 survivors (3072K)
 Metaspace       used 13532K, committed 13824K, reserved 1114112K
  class space    used 1637K, committed 1792K, reserved 1048576K
}

