<?xml version="1.0" encoding="UTF-8"?>
<!-- Generated by org.testng.reporters.JUnitReportReporter -->
<testsuite hostname="DESKTOP-7V2BFCF" failures="0" tests="11" name="CICDJenkins.alluri.BrowserCommands" time="519.515" errors="0" timestamp="2026-09-07T12:44:00 IST" skipped="0">
  <testcase classname="CICDJenkins.alluri.BrowserCommands" name="ChromeBrowserTest1" time="49.961"/>
  <testcase classname="CICDJenkins.alluri.BrowserCommands" name="FirefoxBrowserTest1" time="35.402"/>
  <testcase classname="CICDJenkins.alluri.BrowserCommands" name="EdgeBrowserTest1" time="8.271"/>
  <testcase classname="CICDJenkins.alluri.BrowserCommands" name="ChromeBrowserTest2" time="11.800"/>
  <testcase classname="CICDJenkins.alluri.BrowserCommands" name="FirefoxBrowserTest2" time="58.839"/>
  <testcase classname="CICDJenkins.alluri.BrowserCommands" name="EdgeBrowserTest2" time="41.944"/>
  <testcase classname="CICDJenkins.alluri.BrowserCommands" name="ChromeBrowserTest3" time="24.683"/>
  <testcase classname="CICDJenkins.alluri.BrowserCommands" name="FirefoxBrowserTest3" time="65.209"/>
  <testcase classname="CICDJenkins.alluri.BrowserCommands" name="EdgeBrowserTest3" time="31.909"/>
  <testcase classname="CICDJenkins.alluri.BrowserCommands" name="ChromeBrowserTest4" time="13.451"/>
  <testcase classname="CICDJenkins.alluri.BrowserCommands" name="FirefoxBrowserTest4" time="178.046"/>
</testsuite> <!-- CICDJenkins.alluri.BrowserCommands -->
