<?xml version="1.0" encoding="UTF-8"?>
<!-- Generated by org.testng.reporters.JUnitReportReporter -->
<testsuite hostname="DESKTOP-7V2BFCF" failures="0" tests="3" name="webDriverCommands.BrowserCommands" time="211.959" errors="0" timestamp="2026-09-07T11:24:24 IST" skipped="0">
  <testcase classname="webDriverCommands.BrowserCommands" name="ChromeBrowserTest" time="55.233"/>
  <testcase classname="webDriverCommands.BrowserCommands" name="EdgeBrowserTest" time="21.399"/>
  <testcase classname="webDriverCommands.BrowserCommands" name="FirefoxBrowserTest" time="135.327"/>
</testsuite> <!-- webDriverCommands.BrowserCommands -->
