# JRE version: Java(TM) SE Runtime Environment (26.0.2.1+1) (build 26.0.2.1+1-7)
# Java VM: Java HotSpot(TM) 64-Bit Server VM (26.0.2.1+1-7, mixed mode, sharing, tiered, compressed oops, compressed class ptrs, g1 gc, windows-amd64)
GC Precious Log:
 CardTable entry size: 512
 Card Set container configuration: InlinePtr #cards 5 size 8 Array Of Cards #cards 10 size 36 Howl #buckets 4 coarsen threshold 1843 Howl Bitmap #cards 512 size 80 coarsen threshold 460 Card regions per heap region 1 cards per card region 2048
 CPUs: 4 total, 4 available
 Memory: 3863M
 Large Page Support: Disabled
 NUMA Support: Disabled
 Compressed Oops: Enabled (32-bit)
 Heap Region Size: 1M
 Heap Min Capacity: 8M
 Heap Initial Capacity: 8M
 Heap Max Capacity: 966M
 Pre-touch: Disabled
 Parallel Workers: 4
 Concurrent Workers: 1
 Concurrent Refinement Workers: 4
 Periodic GC: Disabled
Heap:
 garbage-first heap   total reserved 989184K, committed 10240K, used 7548K [0x00000000c3a00000, 0x0000000100000000)
  region size 1M, 2 eden (2M), 1 survivor (1M), 4 old (4M), 2 humongous (2M), 1 free (1M)
GC Heap Usage History (20 events):
Event: 1.221 {heap Before GC invocations=0 (full 0):
 garbage-first heap   total reserved 989184K, committed 10240K, used 5283K [0x00000000c3a00000, 0x0000000100000000)
  region size 1M, 4 eden (4M), 0 survivor (0M), 2 old (2M), 0 humongous (0M), 4 free (4M)
}
Event: 1.227 {heap After GC invocations=1 (full 0):
 garbage-first heap   total reserved 989184K, committed 10240K, used 1933K [0x00000000c3a00000, 0x0000000100000000)
  region size 1M, 0 eden (0M), 1 survivor (1M), 2 old (2M), 0 humongous (0M), 7 free (7M)
}
Event: 2.153 {heap Before GC invocations=1 (full 0):
 garbage-first heap   total reserved 989184K, committed 10240K, used 5005K [0x00000000c3a00000, 0x0000000100000000)
  region size 1M, 3 eden (3M), 1 survivor (1M), 2 old (2M), 0 humongous (0M), 4 free (4M)
}
Event: 2.190 {heap After GC invocations=2 (full 0):
 garbage-first heap   total reserved 989184K, committed 10240K, used 2543K [0x00000000c3a00000, 0x0000000100000000)
  region size 1M, 0 eden (0M), 1 survivor (1M), 3 old (3M), 0 humongous (0M), 6 free (6M)
}
Event: 3.879 {heap Before GC invocations=2 (full 0):
 garbage-first heap   total reserved 989184K, committed 10240K, used 5615K [0x00000000c3a00000, 0x0000000100000000)
  region size 1M, 3 eden (3M), 1 survivor (1M), 3 old (3M), 0 humongous (0M), 3 free (3M)
}
Event: 3.885 {heap After GC invocations=3 (full 0):
 garbage-first heap   total reserved 989184K, committed 10240K, used 3751K [0x00000000c3a00000, 0x0000000100000000)
  region size 1M, 0 eden (0M), 1 survivor (1M), 4 old (4M), 0 humongous (0M), 5 free (5M)
}
Event: 3.919 {heap Before GC invocations=3 (full 0):
 garbage-first heap   total reserved 989184K, committed 10240K, used 3751K [0x00000000c3a00000, 0x0000000100000000)
  region size 1M, 1 eden (1M), 1 survivor (1M), 4 old (4M), 0 humongous (0M), 4 free (4M)
}
Event: 3.922 {heap After GC invocations=4 (full 0):
 garbage-first heap   total reserved 989184K, committed 10240K, used 3852K [0x00000000c3a00000, 0x0000000100000000)
  region size 1M, 0 eden (0M), 1 survivor (1M), 5 old (5M), 0 humongous (0M), 4 free (4M)
}
Event: 4.690 {heap Before GC invocations=5 (full 0):
 garbage-first heap   total reserved 989184K, committed 10240K, used 7948K [0x00000000c3a00000, 0x0000000100000000)
  region size 1M, 2 eden (2M), 1 survivor (1M), 5 old (5M), 2 humongous (2M), 0 free (0M)
}
Event: 4.694 {heap After GC invocations=6 (full 0):
 garbage-first heap   total reserved 989184K, committed 11264K, used 6166K [0x00000000c3a00000, 0x0000000100000000)
  region size 1M, 0 eden (0M), 1 survivor (1M), 5 old (5M), 2 humongous (2M), 3 free (3M)
}
Event: 5.352 {heap Before GC invocations=6 (full 0):
 garbage-first heap   total reserved 989184K, committed 11264K, used 6166K [0x00000000c3a00000, 0x0000000100000000)
  region size 1M, 1 eden (1M), 1 survivor (1M), 5 old (5M), 2 humongous (2M), 2 free (2M)
}
Event: 5.354 {heap After GC invocations=7 (full 0):
 garbage-first heap   total reserved 989184K, committed 11264K, used 6222K [0x00000000c3a00000, 0x0000000100000000)
  region size 1M, 0 eden (0M), 1 survivor (1M), 4 old (4M), 2 humongous (2M), 4 free (4M)
}
Event: 6.871 {heap Before GC invocations=7 (full 0):
 garbage-first heap   total reserved 989184K, committed 11264K, used 8270K [0x00000000c3a00000, 0x0000000100000000)
  region size 1M, 2 eden (2M), 1 survivor (1M), 4 old (4M), 2 humongous (2M), 2 free (2M)
}
Event: 6.873 {heap After GC invocations=8 (full 0):
 garbage-first heap   total reserved 989184K, committed 11264K, used 6207K [0x00000000c3a00000, 0x0000000100000000)
  region size 1M, 0 eden (0M), 1 survivor (1M), 4 old (4M), 2 humongous (2M), 4 free (4M)
}
Event: 7.472 {heap Before GC invocations=9 (full 0):
 garbage-first heap   total reserved 989184K, committed 11264K, used 8255K [0x00000000c3a00000, 0x0000000100000000)
  region size 1M, 2 eden (2M), 1 survivor (1M), 4 old (4M), 2 humongous (2M), 2 free (2M)
}
Event: 7.474 {heap After GC invocations=10 (full 0):
 garbage-first heap   total reserved 989184K, committed 11264K, used 6361K [0x00000000c3a00000, 0x0000000100000000)
  region size 1M, 0 eden (0M), 1 survivor (1M), 4 old (4M), 2 humongous (2M), 4 free (4M)
}
Event: 8.470 {heap Before GC invocations=10 (full 0):
 garbage-first heap   total reserved 989184K, committed 11264K, used 7385K [0x00000000c3a00000, 0x0000000100000000)
  region size 1M, 2 eden (2M), 1 survivor (1M), 4 old (4M), 2 humongous (2M), 2 free (2M)
}
Event: 8.472 {heap After GC invocations=11 (full 0):
 garbage-first heap   total reserved 989184K, committed 11264K, used 6532K [0x00000000c3a00000, 0x0000000100000000)
  region size 1M, 0 eden (0M), 1 survivor (1M), 4 old (4M), 2 humongous (2M), 4 free (4M)
}
Event: 9.224 {heap Before GC invocations=12 (full 0):
 garbage-first heap   total reserved 989184K, committed 11264K, used 8580K [0x00000000c3a00000, 0x0000000100000000)
  region size 1M, 2 eden (2M), 1 survivor (1M), 4 old (4M), 2 humongous (2M), 2 free (2M)
}
Event: 9.225 {heap After GC invocations=13 (full 0):
 garbage-first heap   total reserved 989184K, committed 10240K, used 6524K [0x00000000c3a00000, 0x0000000100000000)
  region size 1M, 0 eden (0M), 1 survivor (1M), 4 old (4M), 2 humongous (2M), 3 free (3M)
}

