<?xml version="1.0" encoding="UTF-8"?>
<testng-results ignored="0" total="1" passed="1" failed="0" skipped="0">
  <reporter-output>
  </reporter-output>
  <suite started-at="2026-09-10T10:45:33 IST" name="Default suite" finished-at="2026-09-10T10:45:59 IST" duration-ms="25197">
    <groups>
    </groups>
    <test started-at="2026-09-10T10:45:33 IST" name="Default test" finished-at="2026-09-10T10:45:59 IST" duration-ms="25197">
      <class name="radioButtons.RadioButtonsDemo2">
        <test-method signature="TestRadioBtn()[pri:0, instance:radioButtons.RadioButtonsDemo2@515c6049]" started-at="2026-09-10T10:45:34 IST" name="TestRadioBtn" finished-at="2026-09-10T10:45:55 IST" duration-ms="21876" status="PASS">
          <reporter-output>
          </reporter-output>
        </test-method> <!-- TestRadioBtn -->
        <test-method is-config="true" signature="tearDown()[pri:0, instance:radioButtons.RadioButtonsDemo2@515c6049]" started-at="2026-09-10T10:45:55 IST" name="tearDown" finished-at="2026-09-10T10:45:59 IST" duration-ms="3179" status="PASS">
          <reporter-output>
          </reporter-output>
        </test-method> <!-- tearDown -->
      </class> <!-- radioButtons.RadioButtonsDemo2 -->
    </test> <!-- Default test -->
  </suite> <!-- Default suite -->
</testng-results>
