<?xml version="1.0" encoding="UTF-8"?>
<testng-results ignored="0" total="1" passed="1" failed="0" skipped="0">
  <reporter-output>
  </reporter-output>
  <suite started-at="2026-09-11T22:50:43 IST" name="Default suite" finished-at="2026-09-11T22:50:44 IST" duration-ms="995">
    <groups>
    </groups>
    <test started-at="2026-09-11T22:50:43 IST" name="Default test" finished-at="2026-09-11T22:50:44 IST" duration-ms="995">
      <class name="Database.DatabaseTest">
        <test-method signature="testDatabaseConnection()[pri:0, instance:Database.DatabaseTest@245b4bdc]" started-at="2026-09-11T22:50:43 IST" name="testDatabaseConnection" finished-at="2026-09-11T22:50:44 IST" duration-ms="908" status="PASS">
          <reporter-output>
          </reporter-output>
        </test-method> <!-- testDatabaseConnection -->
      </class> <!-- Database.DatabaseTest -->
    </test> <!-- Default test -->
  </suite> <!-- Default suite -->
</testng-results>
